2023-08-02 15:41:52 Loading main app package /tmp/.mount_ObsidiiwZC7L/resources/obsidian.asar
2023-08-02 15:41:53 Checking for update using Github
2023-08-02 15:41:54 Success.
2023-08-02 15:41:54 Latest version is 1.3.7
2023-08-02 15:41:54 App is up to date.
2023-08-02 16:04:32 Loading main app package /tmp/.mount_ObsidiSevvHX/resources/obsidian.asar
2023-08-02 16:04:32 Checking for update using Github
2023-08-02 16:04:33 Success.
2023-08-02 16:04:33 Latest version is 1.3.7
2023-08-02 16:04:33 App is up to date.
2023-08-03 15:47:36 Loading main app package /tmp/.mount_Obsidia0wkm1/resources/obsidian.asar
2023-08-03 15:47:37 Checking for update using Github
2023-08-03 15:47:37 Success.
2023-08-03 15:47:37 Latest version is 1.3.7
2023-08-03 15:47:37 App is up to date.
2023-08-03 16:00:47 Loading main app package /tmp/.mount_ObsidivN9M09/resources/obsidian.asar
2023-08-03 16:00:47 Checking for update using Github
2023-08-03 16:00:48 Success.
2023-08-03 16:00:48 Latest version is 1.3.7
2023-08-03 16:00:48 App is up to date.
2023-08-03 17:00:47 Checking for update using Github
2023-08-03 17:00:47 Success.
2023-08-03 17:00:47 Latest version is 1.3.7
2023-08-03 17:00:47 App is up to date.
2023-08-03 18:00:47 Checking for update using Github
2023-08-03 18:00:47 Success.
2023-08-03 18:00:47 Latest version is 1.3.7
2023-08-03 18:00:47 App is up to date.
2023-08-03 19:00:47 Checking for update using Github
2023-08-03 19:00:47 Success.
2023-08-03 19:00:47 Latest version is 1.3.7
2023-08-03 19:00:47 App is up to date.
2023-08-03 20:00:47 Checking for update using Github
2023-08-03 20:00:47 Success.
2023-08-03 20:00:47 Latest version is 1.3.7
2023-08-03 20:00:47 App is up to date.
2023-08-03 21:00:47 Checking for update using Github
2023-08-03 21:00:48 Success.
2023-08-03 21:00:48 Latest version is 1.3.7
2023-08-03 21:00:48 App is up to date.
2023-08-03 22:00:47 Checking for update using Github
2023-08-03 22:00:48 Success.
2023-08-03 22:00:48 Latest version is 1.3.7
2023-08-03 22:00:48 App is up to date.
2023-08-03 23:00:47 Checking for update using Github
2023-08-03 23:00:48 Success.
2023-08-03 23:00:48 Latest version is 1.3.7
2023-08-03 23:00:48 App is up to date.
2023-08-04 00:00:48 Checking for update using Github
2023-08-04 00:00:48 Success.
2023-08-04 00:00:48 Latest version is 1.3.7
2023-08-04 00:00:48 App is up to date.
2023-08-04 01:00:48 Checking for update using Github
2023-08-04 01:00:48 Success.
2023-08-04 01:00:48 Latest version is 1.3.7
2023-08-04 01:00:48 App is up to date.
2023-08-04 02:00:48 Checking for update using Github
2023-08-04 02:00:48 Success.
2023-08-04 02:00:48 Latest version is 1.3.7
2023-08-04 02:00:48 App is up to date.
2023-08-04 03:00:48 Checking for update using Github
2023-08-04 03:00:48 Success.
2023-08-04 03:00:48 Latest version is 1.3.7
2023-08-04 03:00:48 App is up to date.
2023-08-04 04:00:48 Checking for update using Github
2023-08-04 04:00:48 Success.
2023-08-04 04:00:48 Latest version is 1.3.7
2023-08-04 04:00:48 App is up to date.
2023-08-04 05:00:48 Checking for update using Github
2023-08-04 05:00:48 Success.
2023-08-04 05:00:48 Latest version is 1.3.7
2023-08-04 05:00:48 App is up to date.
2023-08-04 06:00:48 Checking for update using Github
2023-08-04 06:00:48 Success.
2023-08-04 06:00:48 Latest version is 1.3.7
2023-08-04 06:00:48 App is up to date.
2023-08-04 07:00:48 Checking for update using Github
2023-08-04 07:00:48 Success.
2023-08-04 07:00:48 Latest version is 1.3.7
2023-08-04 07:00:48 App is up to date.
2023-08-04 08:00:48 Checking for update using Github
2023-08-04 08:00:48 Success.
2023-08-04 08:00:48 Latest version is 1.3.7
2023-08-04 08:00:48 App is up to date.
2023-08-04 09:00:48 Checking for update using Github
2023-08-04 09:00:48 Success.
2023-08-04 09:00:48 Latest version is 1.3.7
2023-08-04 09:00:48 App is up to date.
2023-08-04 10:00:48 Checking for update using Github
2023-08-04 10:00:48 Success.
2023-08-04 10:00:48 Latest version is 1.3.7
2023-08-04 10:00:48 App is up to date.
2023-08-04 11:00:48 Checking for update using Github
2023-08-04 11:00:49 Success.
2023-08-04 11:00:49 Latest version is 1.3.7
2023-08-04 11:00:49 App is up to date.
2023-08-04 12:00:48 Checking for update using Github
2023-08-04 12:00:49 Success.
2023-08-04 12:00:49 Latest version is 1.3.7
2023-08-04 12:00:49 App is up to date.
2023-08-04 13:00:48 Checking for update using Github
2023-08-04 13:00:49 Success.
2023-08-04 13:00:49 Latest version is 1.3.7
2023-08-04 13:00:49 App is up to date.
2023-08-09 09:43:54 Loading main app package /tmp/.mount_ObsidiU7dcVC/resources/obsidian.asar
2023-08-09 09:43:54 Checking for update using Github
2023-08-09 09:43:55 Success.
2023-08-09 09:43:55 Latest version is 1.3.7
2023-08-09 09:43:55 App is up to date.
2023-08-09 10:43:54 Checking for update using Github
2023-08-09 10:43:54 Success.
2023-08-09 10:43:54 Latest version is 1.3.7
2023-08-09 10:43:54 App is up to date.
2023-08-09 11:43:54 Checking for update using Github
2023-08-09 11:43:55 Success.
2023-08-09 11:43:55 Latest version is 1.3.7
2023-08-09 11:43:55 App is up to date.
2023-08-09 12:43:54 Checking for update using Github
2023-08-09 12:43:55 Success.
2023-08-09 12:43:55 Latest version is 1.3.7
2023-08-09 12:43:55 App is up to date.
2023-08-09 13:43:54 Checking for update using Github
2023-08-09 13:43:55 Success.
2023-08-09 13:43:55 Latest version is 1.3.7
2023-08-09 13:43:55 App is up to date.
2023-08-09 14:43:54 Checking for update using Github
2023-08-09 14:43:55 Success.
2023-08-09 14:43:55 Latest version is 1.3.7
2023-08-09 14:43:55 App is up to date.
2023-08-09 15:43:55 Checking for update using Github
2023-08-09 15:43:55 Success.
2023-08-09 15:43:55 Latest version is 1.3.7
2023-08-09 15:43:55 App is up to date.
2023-08-10 09:00:07 Checking for update using Github
2023-08-10 09:00:07 Success.
2023-08-10 09:00:07 Latest version is 1.3.7
2023-08-10 09:00:07 App is up to date.
2023-08-10 10:00:07 Checking for update using Github
2023-08-10 10:00:07 Success.
2023-08-10 10:00:07 Latest version is 1.3.7
2023-08-10 10:00:07 App is up to date.
2023-08-10 11:00:07 Checking for update using Github
2023-08-10 11:00:07 Success.
2023-08-10 11:00:07 Latest version is 1.3.7
2023-08-10 11:00:07 App is up to date.
2023-08-10 12:00:07 Checking for update using Github
2023-08-10 12:00:08 Success.
2023-08-10 12:00:08 Latest version is 1.3.7
2023-08-10 12:00:08 App is up to date.
2023-08-10 13:00:07 Checking for update using Github
2023-08-10 13:00:08 Success.
2023-08-10 13:00:08 Latest version is 1.3.7
2023-08-10 13:00:08 App is up to date.
2023-08-10 14:00:07 Checking for update using Github
2023-08-10 14:00:08 Success.
2023-08-10 14:00:08 Latest version is 1.3.7
2023-08-10 14:00:08 App is up to date.
2023-08-10 15:00:08 Checking for update using Github
2023-08-10 15:00:08 Success.
2023-08-10 15:00:08 Latest version is 1.3.7
2023-08-10 15:00:08 App is up to date.
2023-08-10 16:00:08 Checking for update using Github
2023-08-10 16:00:08 Success.
2023-08-10 16:00:08 Latest version is 1.3.7
2023-08-10 16:00:08 App is up to date.
2023-08-10 17:00:08 Checking for update using Github
2023-08-10 17:00:08 Success.
2023-08-10 17:00:08 Latest version is 1.3.7
2023-08-10 17:00:08 App is up to date.
2023-08-10 18:00:08 Checking for update using Github
2023-08-10 18:00:08 Success.
2023-08-10 18:00:08 Latest version is 1.3.7
2023-08-10 18:00:08 App is up to date.
2023-08-10 19:00:08 Checking for update using Github
2023-08-10 19:00:08 Success.
2023-08-10 19:00:08 Latest version is 1.3.7
2023-08-10 19:00:08 App is up to date.
2023-08-10 20:00:08 Checking for update using Github
2023-08-10 20:00:08 Success.
2023-08-10 20:00:08 Latest version is 1.3.7
2023-08-10 20:00:08 App is up to date.
2023-08-10 21:00:08 Checking for update using Github
2023-08-10 21:00:08 Success.
2023-08-10 21:00:08 Latest version is 1.3.7
2023-08-10 21:00:08 App is up to date.
2023-08-10 22:00:08 Checking for update using Github
2023-08-10 22:00:08 Success.
2023-08-10 22:00:08 Latest version is 1.3.7
2023-08-10 22:00:08 App is up to date.
2023-08-10 23:00:08 Checking for update using Github
2023-08-10 23:00:09 Success.
2023-08-10 23:00:09 Latest version is 1.3.7
2023-08-10 23:00:09 App is up to date.
2023-08-11 00:00:08 Checking for update using Github
2023-08-11 00:00:08 Success.
2023-08-11 00:00:08 Latest version is 1.3.7
2023-08-11 00:00:08 App is up to date.
2023-08-11 01:00:08 Checking for update using Github
2023-08-11 01:00:08 Success.
2023-08-11 01:00:08 Latest version is 1.3.7
2023-08-11 01:00:08 App is up to date.
2023-08-11 02:00:08 Checking for update using Github
2023-08-11 02:00:09 Success.
2023-08-11 02:00:09 Latest version is 1.3.7
2023-08-11 02:00:09 App is up to date.
2023-08-11 03:00:08 Checking for update using Github
2023-08-11 03:00:09 Success.
2023-08-11 03:00:09 Latest version is 1.3.7
2023-08-11 03:00:09 App is up to date.
2023-08-11 04:00:08 Checking for update using Github
2023-08-11 04:00:09 Success.
2023-08-11 04:00:09 Latest version is 1.3.7
2023-08-11 04:00:09 App is up to date.
2023-08-11 05:00:09 Checking for update using Github
2023-08-11 05:00:09 Success.
2023-08-11 05:00:09 Latest version is 1.3.7
2023-08-11 05:00:09 App is up to date.
2023-08-11 06:00:09 Checking for update using Github
2023-08-11 06:00:09 Success.
2023-08-11 06:00:09 Latest version is 1.3.7
2023-08-11 06:00:09 App is up to date.
2023-08-11 07:00:09 Checking for update using Github
2023-08-11 07:00:09 Success.
2023-08-11 07:00:09 Latest version is 1.3.7
2023-08-11 07:00:09 App is up to date.
2023-08-11 08:00:09 Checking for update using Github
2023-08-11 08:00:09 Success.
2023-08-11 08:00:09 Latest version is 1.3.7
2023-08-11 08:00:09 App is up to date.
2023-08-11 09:00:09 Checking for update using Github
2023-08-11 09:00:09 Success.
2023-08-11 09:00:09 Latest version is 1.3.7
2023-08-11 09:00:09 App is up to date.
2023-08-11 10:00:09 Checking for update using Github
2023-08-11 10:00:09 Success.
2023-08-11 10:00:09 Latest version is 1.3.7
2023-08-11 10:00:09 App is up to date.
2023-08-11 11:00:09 Checking for update using Github
2023-08-11 11:00:09 Success.
2023-08-11 11:00:09 Latest version is 1.3.7
2023-08-11 11:00:09 App is up to date.
2023-08-11 12:00:09 Checking for update using Github
2023-08-11 12:00:09 Success.
2023-08-11 12:00:09 Latest version is 1.3.7
2023-08-11 12:00:09 App is up to date.
2023-08-11 13:00:09 Checking for update using Github
2023-08-11 13:00:09 Success.
2023-08-11 13:00:09 Latest version is 1.3.7
2023-08-11 13:00:09 App is up to date.
2023-08-11 14:00:09 Checking for update using Github
2023-08-11 14:00:10 Success.
2023-08-11 14:00:10 Latest version is 1.3.7
2023-08-11 14:00:10 App is up to date.
2023-08-14 10:06:44 Loading main app package /tmp/.mount_ObsidiVFboQC/resources/obsidian.asar
2023-08-14 10:06:44 Checking for update using Github
2023-08-14 10:06:45 Success.
2023-08-14 10:06:45 Latest version is 1.3.7
2023-08-14 10:06:45 App is up to date.
2023-08-14 11:06:44 Checking for update using Github
2023-08-14 11:06:46 Success.
2023-08-14 11:06:46 Latest version is 1.3.7
2023-08-14 11:06:46 App is up to date.
2023-08-14 12:06:44 Checking for update using Github
2023-08-14 12:06:44 Success.
2023-08-14 12:06:44 Latest version is 1.3.7
2023-08-14 12:06:44 App is up to date.
2023-08-14 13:06:44 Checking for update using Github
2023-08-14 13:06:44 Success.
2023-08-14 13:06:44 Latest version is 1.3.7
2023-08-14 13:06:44 App is up to date.
2023-08-14 14:06:44 Checking for update using Github
2023-08-14 14:06:44 Success.
2023-08-14 14:06:44 Latest version is 1.3.7
2023-08-14 14:06:44 App is up to date.
2023-08-14 15:06:44 Checking for update using Github
2023-08-14 15:06:44 Success.
2023-08-14 15:06:44 Latest version is 1.3.7
2023-08-14 15:06:44 App is up to date.
2023-08-14 16:06:44 Checking for update using Github
2023-08-14 16:06:44 Success.
2023-08-14 16:06:44 Latest version is 1.3.7
2023-08-14 16:06:44 App is up to date.
2023-08-14 17:06:44 Checking for update using Github
2023-08-14 17:06:44 Success.
2023-08-14 17:06:44 Latest version is 1.3.7
2023-08-14 17:06:44 App is up to date.
2023-08-14 18:06:44 Checking for update using Github
2023-08-14 18:06:44 Success.
2023-08-14 18:06:44 Latest version is 1.3.7
2023-08-14 18:06:44 App is up to date.
2023-08-14 19:06:44 Checking for update using Github
2023-08-14 19:06:44 Success.
2023-08-14 19:06:44 Latest version is 1.3.7
2023-08-14 19:06:44 App is up to date.
2023-08-14 20:06:44 Checking for update using Github
2023-08-14 20:06:45 Success.
2023-08-14 20:06:45 Latest version is 1.3.7
2023-08-14 20:06:45 App is up to date.
2023-08-14 21:06:44 Checking for update using Github
2023-08-14 21:06:45 Success.
2023-08-14 21:06:45 Latest version is 1.3.7
2023-08-14 21:06:45 App is up to date.
2023-08-14 22:06:44 Checking for update using Github
2023-08-14 22:06:45 Success.
2023-08-14 22:06:45 Latest version is 1.3.7
2023-08-14 22:06:45 App is up to date.
2023-08-14 23:06:45 Checking for update using Github
2023-08-14 23:06:45 Success.
2023-08-14 23:06:45 Latest version is 1.3.7
2023-08-14 23:06:45 App is up to date.
2023-08-15 00:06:45 Checking for update using Github
2023-08-15 00:06:45 Success.
2023-08-15 00:06:45 Latest version is 1.3.7
2023-08-15 00:06:45 App is up to date.
2023-08-15 01:06:45 Checking for update using Github
2023-08-15 01:06:45 Success.
2023-08-15 01:06:45 Latest version is 1.3.7
2023-08-15 01:06:45 App is up to date.
2023-08-15 02:06:45 Checking for update using Github
2023-08-15 02:06:45 Success.
2023-08-15 02:06:45 Latest version is 1.3.7
2023-08-15 02:06:45 App is up to date.
2023-08-15 03:06:45 Checking for update using Github
2023-08-15 03:06:45 Success.
2023-08-15 03:06:45 Latest version is 1.3.7
2023-08-15 03:06:45 App is up to date.
2023-08-15 04:06:45 Checking for update using Github
2023-08-15 04:06:45 Success.
2023-08-15 04:06:45 Latest version is 1.3.7
2023-08-15 04:06:45 App is up to date.
2023-08-15 05:06:45 Checking for update using Github
2023-08-15 05:06:45 Success.
2023-08-15 05:06:45 Latest version is 1.3.7
2023-08-15 05:06:45 App is up to date.
2023-08-15 06:06:45 Checking for update using Github
2023-08-15 06:06:45 Success.
2023-08-15 06:06:45 Latest version is 1.3.7
2023-08-15 06:06:45 App is up to date.
2023-08-15 07:06:45 Checking for update using Github
2023-08-15 07:06:50 Success.
2023-08-15 07:06:50 Latest version is 1.3.7
2023-08-15 07:06:50 App is up to date.
2023-08-15 08:06:45 Checking for update using Github
2023-08-15 08:06:45 Success.
2023-08-15 08:06:45 Latest version is 1.3.7
2023-08-15 08:06:45 App is up to date.
2023-08-15 10:12:57 Loading main app package /tmp/.mount_ObsidihpF9v5/resources/obsidian.asar
2023-08-15 10:12:57 Checking for update using Github
2023-08-15 10:12:57 Success.
2023-08-15 10:12:57 Latest version is 1.3.7
2023-08-15 10:12:57 App is up to date.
2023-08-15 11:12:57 Checking for update using Github
2023-08-15 11:12:57 Success.
2023-08-15 11:12:57 Latest version is 1.3.7
2023-08-15 11:12:57 App is up to date.
2023-08-15 12:12:57 Checking for update using Github
2023-08-15 12:13:02 Success.
2023-08-15 12:13:02 Latest version is 1.3.7
2023-08-15 12:13:02 App is up to date.
2023-08-15 13:12:57 Checking for update using Github
2023-08-15 13:12:58 Success.
2023-08-15 13:12:58 Latest version is 1.3.7
2023-08-15 13:12:58 App is up to date.
2023-08-15 14:12:57 Checking for update using Github
2023-08-15 14:12:57 Success.
2023-08-15 14:12:57 Latest version is 1.3.7
2023-08-15 14:12:57 App is up to date.
2023-08-15 15:12:57 Checking for update using Github
2023-08-15 15:12:58 Success.
2023-08-15 15:12:58 Latest version is 1.3.7
2023-08-15 15:12:58 App is up to date.
2023-08-15 16:12:57 Checking for update using Github
2023-08-15 16:12:57 Success.
2023-08-15 16:12:57 Latest version is 1.3.7
2023-08-15 16:12:57 App is up to date.
2023-08-15 17:12:57 Checking for update using Github
2023-08-15 17:12:57 Success.
2023-08-15 17:12:57 Latest version is 1.3.7
2023-08-15 17:12:57 App is up to date.
2023-08-15 18:12:57 Checking for update using Github
2023-08-15 18:12:57 Success.
2023-08-15 18:12:57 Latest version is 1.3.7
2023-08-15 18:12:57 App is up to date.
2023-08-15 19:12:57 Checking for update using Github
2023-08-15 19:12:57 Success.
2023-08-15 19:12:57 Latest version is 1.3.7
2023-08-15 19:12:57 App is up to date.
2023-08-15 20:12:57 Checking for update using Github
2023-08-15 20:12:58 Success.
2023-08-15 20:12:58 Latest version is 1.3.7
2023-08-15 20:12:58 App is up to date.
2023-08-15 21:12:57 Checking for update using Github
2023-08-15 21:12:58 Success.
2023-08-15 21:12:58 Latest version is 1.3.7
2023-08-15 21:12:58 App is up to date.
2023-08-15 22:12:57 Checking for update using Github
2023-08-15 22:12:58 Success.
2023-08-15 22:12:58 Latest version is 1.3.7
2023-08-15 22:12:58 App is up to date.
2023-08-15 23:12:58 Checking for update using Github
2023-08-15 23:12:58 Success.
2023-08-15 23:12:58 Latest version is 1.3.7
2023-08-15 23:12:58 App is up to date.
2023-08-16 00:12:58 Checking for update using Github
2023-08-16 00:12:58 Success.
2023-08-16 00:12:58 Latest version is 1.3.7
2023-08-16 00:12:58 App is up to date.
2023-08-16 01:12:58 Checking for update using Github
2023-08-16 01:12:58 Success.
2023-08-16 01:12:58 Latest version is 1.3.7
2023-08-16 01:12:58 App is up to date.
2023-08-16 02:12:58 Checking for update using Github
2023-08-16 02:12:58 Success.
2023-08-16 02:12:58 Latest version is 1.3.7
2023-08-16 02:12:58 App is up to date.
2023-08-16 03:12:58 Checking for update using Github
2023-08-16 03:12:58 Success.
2023-08-16 03:12:58 Latest version is 1.3.7
2023-08-16 03:12:58 App is up to date.
2023-08-16 04:12:58 Checking for update using Github
2023-08-16 04:12:58 Success.
2023-08-16 04:12:58 Latest version is 1.3.7
2023-08-16 04:12:58 App is up to date.
2023-08-16 05:12:58 Checking for update using Github
2023-08-16 05:13:03 Success.
2023-08-16 05:13:03 Latest version is 1.3.7
2023-08-16 05:13:03 App is up to date.
2023-08-16 06:12:58 Checking for update using Github
2023-08-16 06:12:58 Success.
2023-08-16 06:12:58 Latest version is 1.3.7
2023-08-16 06:12:58 App is up to date.
2023-08-16 07:12:58 Checking for update using Github
2023-08-16 07:12:58 Success.
2023-08-16 07:12:58 Latest version is 1.3.7
2023-08-16 07:12:58 App is up to date.
2023-08-16 08:12:58 Checking for update using Github
2023-08-16 08:12:58 Success.
2023-08-16 08:12:58 Latest version is 1.3.7
2023-08-16 08:12:58 App is up to date.
2023-08-16 09:12:58 Checking for update using Github
2023-08-16 09:12:59 Success.
2023-08-16 09:12:59 Latest version is 1.3.7
2023-08-16 09:12:59 App is up to date.
2023-08-16 10:12:58 Checking for update using Github
2023-08-16 10:12:59 Success.
2023-08-16 10:12:59 Latest version is 1.3.7
2023-08-16 10:12:59 App is up to date.
2023-08-16 11:12:59 Checking for update using Github
2023-08-16 11:12:59 Success.
2023-08-16 11:12:59 Latest version is 1.3.7
2023-08-16 11:12:59 App is up to date.
2023-08-16 12:12:59 Checking for update using Github
2023-08-16 12:12:59 Success.
2023-08-16 12:12:59 Latest version is 1.3.7
2023-08-16 12:12:59 App is up to date.
2023-08-16 13:12:59 Checking for update using Github
2023-08-16 13:12:59 Success.
2023-08-16 13:12:59 Latest version is 1.3.7
2023-08-16 13:12:59 App is up to date.
2023-08-17 16:28:56 Loading main app package /tmp/.mount_Obsidi1ljzdy/resources/obsidian.asar
2023-08-17 16:28:57 Checking for update using Github
2023-08-17 16:28:57 Success.
2023-08-17 16:28:57 Latest version is 1.3.7
2023-08-17 16:28:57 App is up to date.
2023-08-17 17:28:56 Checking for update using Github
2023-08-17 17:28:57 Success.
2023-08-17 17:28:57 Latest version is 1.3.7
2023-08-17 17:28:57 App is up to date.
2023-08-17 18:28:56 Checking for update using Github
2023-08-17 18:28:57 Success.
2023-08-17 18:28:57 Latest version is 1.3.7
2023-08-17 18:28:57 App is up to date.
2023-08-17 19:28:56 Checking for update using Github
2023-08-17 19:28:57 Success.
2023-08-17 19:28:57 Latest version is 1.3.7
2023-08-17 19:28:57 App is up to date.
2023-08-17 20:28:56 Checking for update using Github
2023-08-17 20:28:57 Success.
2023-08-17 20:28:57 Latest version is 1.3.7
2023-08-17 20:28:57 App is up to date.
2023-08-17 21:28:56 Checking for update using Github
2023-08-17 21:28:57 Success.
2023-08-17 21:28:57 Latest version is 1.3.7
2023-08-17 21:28:57 App is up to date.
2023-08-25 20:06:55 Checking for update using Github
2023-08-25 20:06:56 Success.
2023-08-25 20:06:56 Latest version is 1.3.7
2023-08-25 20:06:56 App is up to date.
2023-08-25 21:06:56 Checking for update using Github
2023-08-25 21:06:56 Success.
2023-08-25 21:06:56 Latest version is 1.3.7
2023-08-25 21:06:56 App is up to date.
2023-08-25 22:06:56 Checking for update using Github
2023-08-25 22:06:56 Success.
2023-08-25 22:06:56 Latest version is 1.3.7
2023-08-25 22:06:56 App is up to date.
2023-08-25 23:06:56 Checking for update using Github
2023-08-25 23:06:56 Success.
2023-08-25 23:06:56 Latest version is 1.3.7
2023-08-25 23:06:56 App is up to date.
2023-08-26 00:06:56 Checking for update using Github
2023-08-26 00:06:56 Success.
2023-08-26 00:06:56 Latest version is 1.3.7
2023-08-26 00:06:56 App is up to date.
2023-08-26 01:06:56 Checking for update using Github
2023-08-26 01:06:56 Success.
2023-08-26 01:06:56 Latest version is 1.3.7
2023-08-26 01:06:56 App is up to date.
2023-08-26 02:06:56 Checking for update using Github
2023-08-26 02:06:56 Success.
2023-08-26 02:06:56 Latest version is 1.3.7
2023-08-26 02:06:56 App is up to date.
2023-08-26 03:06:56 Checking for update using Github
2023-08-26 03:07:01 Success.
2023-08-26 03:07:01 Latest version is 1.3.7
2023-08-26 03:07:01 App is up to date.
2023-08-26 04:06:56 Checking for update using Github
2023-08-26 04:06:56 Success.
2023-08-26 04:06:56 Latest version is 1.3.7
2023-08-26 04:06:56 App is up to date.
2023-08-26 05:06:56 Checking for update using Github
2023-08-26 05:06:56 Success.
2023-08-26 05:06:56 Latest version is 1.3.7
2023-08-26 05:06:56 App is up to date.
2023-08-26 06:06:56 Checking for update using Github
2023-08-26 06:07:01 Success.
2023-08-26 06:07:01 Latest version is 1.3.7
2023-08-26 06:07:01 App is up to date.
2023-08-26 07:06:56 Checking for update using Github
2023-08-26 07:06:56 Success.
2023-08-26 07:06:56 Latest version is 1.3.7
2023-08-26 07:06:56 App is up to date.
2023-08-26 08:06:56 Checking for update using Github
2023-08-26 08:06:56 Success.
2023-08-26 08:06:56 Latest version is 1.3.7
2023-08-26 08:06:56 App is up to date.
2023-08-26 09:06:56 Checking for update using Github
2023-08-26 09:07:01 Success.
2023-08-26 09:07:01 Latest version is 1.3.7
2023-08-26 09:07:01 App is up to date.
2023-08-26 10:06:56 Checking for update using Github
2023-08-26 10:06:56 Success.
2023-08-26 10:06:56 Latest version is 1.3.7
2023-08-26 10:06:56 App is up to date.
2023-08-26 11:06:56 Checking for update using Github
2023-08-26 11:06:56 Success.
2023-08-26 11:06:56 Latest version is 1.3.7
2023-08-26 11:06:56 App is up to date.
2023-08-26 12:06:56 Checking for update using Github
2023-08-26 12:06:57 Success.
2023-08-26 12:06:57 Latest version is 1.3.7
2023-08-26 12:06:57 App is up to date.
2023-08-26 13:06:57 Checking for update using Github
2023-08-26 13:06:57 Success.
2023-08-26 13:06:57 Latest version is 1.3.7
2023-08-26 13:06:57 App is up to date.
2023-08-26 14:06:57 Checking for update using Github
2023-08-26 14:06:57 Success.
2023-08-26 14:06:57 Latest version is 1.3.7
2023-08-26 14:06:57 App is up to date.
2023-08-26 15:06:57 Checking for update using Github
2023-08-26 15:06:57 Success.
2023-08-26 15:06:57 Latest version is 1.3.7
2023-08-26 15:06:57 App is up to date.
2023-08-26 16:06:57 Checking for update using Github
2023-08-26 16:06:57 Success.
2023-08-26 16:06:57 Latest version is 1.3.7
2023-08-26 16:06:57 App is up to date.
2023-08-26 17:06:57 Checking for update using Github
2023-08-26 17:06:57 Success.
2023-08-26 17:06:57 Latest version is 1.3.7
2023-08-26 17:06:57 App is up to date.
2023-08-26 18:06:57 Checking for update using Github
2023-08-26 18:06:57 Success.
2023-08-26 18:06:57 Latest version is 1.3.7
2023-08-26 18:06:57 App is up to date.
2023-08-26 19:06:57 Checking for update using Github
2023-08-26 19:06:57 Success.
2023-08-26 19:06:57 Latest version is 1.3.7
2023-08-26 19:06:57 App is up to date.
2023-08-26 20:06:57 Checking for update using Github
2023-08-26 20:07:02 Success.
2023-08-26 20:07:02 Latest version is 1.3.7
2023-08-26 20:07:02 App is up to date.
2023-08-26 21:06:57 Checking for update using Github
2023-08-26 21:06:57 Success.
2023-08-26 21:06:57 Latest version is 1.3.7
2023-08-26 21:06:57 App is up to date.
2023-08-26 22:06:57 Checking for update using Github
2023-08-26 22:06:57 Success.
2023-08-26 22:06:57 Latest version is 1.3.7
2023-08-26 22:06:57 App is up to date.
2023-08-26 23:06:57 Checking for update using Github
2023-08-26 23:06:57 Success.
2023-08-26 23:06:57 Latest version is 1.3.7
2023-08-26 23:06:57 App is up to date.
2023-08-27 00:06:57 Checking for update using Github
2023-08-27 00:06:57 Success.
2023-08-27 00:06:57 Latest version is 1.3.7
2023-08-27 00:06:57 App is up to date.
2023-08-27 01:06:57 Checking for update using Github
2023-08-27 01:06:58 Success.
2023-08-27 01:06:58 Latest version is 1.3.7
2023-08-27 01:06:58 App is up to date.
2023-08-27 02:06:58 Checking for update using Github
2023-08-27 02:06:58 Success.
2023-08-27 02:06:58 Latest version is 1.3.7
2023-08-27 02:06:58 App is up to date.
2023-08-27 03:06:58 Checking for update using Github
2023-08-27 03:06:58 Success.
2023-08-27 03:06:58 Latest version is 1.3.7
2023-08-27 03:06:58 App is up to date.
2023-08-27 04:06:58 Checking for update using Github
2023-08-27 04:06:58 Success.
2023-08-27 04:06:58 Latest version is 1.3.7
2023-08-27 04:06:58 App is up to date.
2023-08-27 05:06:58 Checking for update using Github
2023-08-27 05:06:58 Success.
2023-08-27 05:06:58 Latest version is 1.3.7
2023-08-27 05:06:58 App is up to date.
2023-08-27 06:06:58 Checking for update using Github
2023-08-27 06:06:58 Success.
2023-08-27 06:06:58 Latest version is 1.3.7
2023-08-27 06:06:58 App is up to date.
2023-08-27 07:06:58 Checking for update using Github
2023-08-27 07:07:03 Success.
2023-08-27 07:07:03 Latest version is 1.3.7
2023-08-27 07:07:03 App is up to date.
2023-08-27 08:06:58 Checking for update using Github
2023-08-27 08:06:58 Success.
2023-08-27 08:06:58 Latest version is 1.3.7
2023-08-27 08:06:58 App is up to date.
2023-09-14 09:53:21 Loading main app package /tmp/.mount_ObsidiZE3fXG/resources/obsidian.asar
2023-09-14 09:53:21 Checking for update using Github
2023-09-14 09:53:21 Success.
2023-09-14 09:53:21 Latest version is 1.4.12
2023-09-14 09:53:21 Downloading update from https://github.com/obsidianmd/obsidian-releases/releases/download/v1.4.12/obsidian-1.4.12.asar.gz
2023-09-14 09:53:22 Verifying hash & signature. Size= 8394475
2023-09-14 09:53:22 Saving file
2023-09-14 09:53:22 Update complete.
2023-09-14 10:53:22 Checking for update using Github
2023-09-14 10:53:22 Success.
2023-09-14 10:53:22 Latest version is 1.4.12
2023-09-14 10:53:22 An update is already downloaded.
2023-09-14 12:55:06 Loading updated app package /home/will/.config/obsidian/obsidian-1.4.12.asar
2023-09-14 12:55:07 Checking for update using Github
2023-09-14 12:55:07 Success.
2023-09-14 12:55:07 Latest version is 1.4.12
2023-09-14 12:55:07 App is up to date.
2023-09-14 13:55:06 Checking for update using Github
2023-09-14 13:55:07 Success.
2023-09-14 13:55:07 Latest version is 1.4.12
2023-09-14 13:55:07 App is up to date.
2023-09-21 10:38:09 Loading updated app package /home/will/.config/obsidian/obsidian-1.4.12.asar
2023-09-21 10:38:09 Checking for update using Github
2023-09-21 10:38:09 Success.
2023-09-21 10:38:09 Latest version is 1.4.13
2023-09-21 10:38:09 Downloading update from https://github.com/obsidianmd/obsidian-releases/releases/download/v1.4.13/obsidian-1.4.13.asar.gz
2023-09-21 10:38:12 Verifying hash & signature. Size= 8394487
2023-09-21 10:38:12 Saving file
2023-09-21 10:38:12 Update complete.
2023-10-11 09:31:47 Loading updated app package /home/will/.config/obsidian/obsidian-1.4.13.asar
2023-10-11 09:31:47 Checking for update using Github
2023-10-11 09:31:48 Success.
2023-10-11 09:31:48 Latest version is 1.4.14
2023-10-11 09:31:48 Downloading update from https://github.com/obsidianmd/obsidian-releases/releases/download/v1.4.14/obsidian-1.4.14.asar.gz
2023-10-11 09:31:52 Verifying hash & signature. Size= 8393737
2023-10-11 09:31:52 Saving file
2023-10-11 09:31:53 Update complete.
2023-10-11 10:31:47 Checking for update using Github
2023-10-11 10:31:48 Success.
2023-10-11 10:31:48 Latest version is 1.4.14
2023-10-11 10:31:48 An update is already downloaded.
2023-10-16 16:57:22 Loading updated app package /home/will/.config/obsidian/obsidian-1.4.14.asar
2023-10-16 16:57:22 Checking for update using Github
2023-10-16 16:57:24 Success.
2023-10-16 16:57:24 Latest version is 1.4.16
2023-10-16 16:57:24 Downloading update from https://github.com/obsidianmd/obsidian-releases/releases/download/v1.4.16/obsidian-1.4.16.asar.gz
2023-10-16 16:57:28 Verifying hash & signature. Size= 8394471
2023-10-16 16:57:28 Saving file
2023-10-16 16:57:28 Update complete.
2023-10-17 09:10:28 Loading updated app package /home/will/.config/obsidian/obsidian-1.4.16.asar
2023-10-17 09:10:29 Checking for update using Github
2023-10-17 09:10:30 Success.
2023-10-17 09:10:30 Latest version is 1.4.16
2023-10-17 09:10:30 App is up to date.
2023-10-20 08:48:48 Loading updated app package /home/will/.config/obsidian/obsidian-1.4.16.asar
2023-10-20 08:48:48 Checking for update using Github
2023-10-20 08:48:49 Success.
2023-10-20 08:48:49 Latest version is 1.4.16
2023-10-20 08:48:49 App is up to date.
2023-10-20 08:59:19 Loading main app package /tmp/.mount_ObsidiuxBvmb/resources/obsidian.asar
2023-10-20 08:59:20 Checking for update using Github
2023-10-20 09:48:48 Checking for update using Github
2023-10-20 09:48:49 Success.
2023-10-20 09:48:49 Latest version is 1.4.16
2023-10-20 09:48:49 App is up to date.
2023-10-20 14:21:26 Loading updated app package /home/will/.config/obsidian/obsidian-1.4.16.asar
2023-10-20 14:21:27 Checking for update using Github
2023-10-20 14:21:28 Success.
2023-10-20 14:21:28 Latest version is 1.4.16
2023-10-20 14:21:28 App is up to date.
2023-10-25 11:41:19 Loading updated app package /home/will/.config/obsidian/obsidian-1.4.16.asar
2023-10-25 11:41:19 Checking for update using Github
2023-10-25 11:41:25 Success.
2023-10-25 11:41:25 Latest version is 1.4.16
2023-10-25 11:41:25 App is up to date.
2023-10-26 08:58:20 Loading updated app package /home/will/.config/obsidian/obsidian-1.4.16.asar
2023-10-26 08:58:21 Checking for update using Github
2023-10-26 08:58:21 Success.
2023-10-26 08:58:21 Latest version is 1.4.16
2023-10-26 08:58:21 App is up to date.
2023-10-26 11:30:52 Loading updated app package /home/will/.config/obsidian/obsidian-1.4.16.asar
2023-10-26 11:30:52 Checking for update using Github
2023-10-26 11:30:53 Success.
2023-10-26 11:30:53 Latest version is 1.4.16
2023-10-26 11:30:53 App is up to date.
2023-10-26 12:30:52 Checking for update using Github
2023-10-26 12:30:53 Success.
2023-10-26 12:30:53 Latest version is 1.4.16
2023-10-26 12:30:53 App is up to date.
2023-10-26 13:30:52 Checking for update using Github
2023-10-26 13:30:53 Success.
2023-10-26 13:30:53 Latest version is 1.4.16
2023-10-26 13:30:53 App is up to date.
2023-10-26 14:57:45 Loading main app package /tmp/.mount_Obsidiuw1FS3/resources/obsidian.asar
2023-10-26 14:57:45 Checking for update using Github
2023-10-26 14:57:47 Success.
2023-10-26 14:57:47 Latest version is 1.4.16
2023-10-26 14:57:47 App is up to date.
2023-10-26 15:57:45 Checking for update using Github
2023-10-26 15:57:46 Success.
2023-10-26 15:57:46 Latest version is 1.4.16
2023-10-26 15:57:46 App is up to date.
2023-10-26 16:57:45 Checking for update using Github
2023-10-26 16:57:46 Success.
2023-10-26 16:57:46 Latest version is 1.4.16
2023-10-26 16:57:46 App is up to date.
2023-10-26 17:57:45 Checking for update using Github
2023-10-26 17:57:46 Success.
2023-10-26 17:57:46 Latest version is 1.4.16
2023-10-26 17:57:46 App is up to date.
2023-10-26 18:57:45 Checking for update using Github
2023-10-26 18:57:46 Success.
2023-10-26 18:57:46 Latest version is 1.4.16
2023-10-26 18:57:46 App is up to date.
2023-10-26 19:57:45 Checking for update using Github
2023-10-26 19:57:46 Success.
2023-10-26 19:57:46 Latest version is 1.4.16
2023-10-26 19:57:46 App is up to date.
2023-10-27 08:47:45 Loading main app package /tmp/.mount_ObsidiS9UPae/resources/obsidian.asar
2023-10-27 08:47:45 Checking for update using Github
2023-10-27 08:47:46 Success.
2023-10-27 08:47:46 Latest version is 1.4.16
2023-10-27 08:47:46 App is up to date.
2023-10-27 09:47:45 Checking for update using Github
2023-10-27 09:47:46 Success.
2023-10-27 09:47:46 Latest version is 1.4.16
2023-10-27 09:47:46 App is up to date.
2023-10-27 10:47:45 Checking for update using Github
2023-10-27 10:47:46 Success.
2023-10-27 10:47:46 Latest version is 1.4.16
2023-10-27 10:47:46 App is up to date.
2023-10-27 11:47:45 Checking for update using Github
2023-10-27 11:47:46 Success.
2023-10-27 11:47:46 Latest version is 1.4.16
2023-10-27 11:47:46 App is up to date.
2023-10-27 11:52:58 Loading main app package /tmp/.mount_ObsidimvbPxh/resources/obsidian.asar
2023-10-27 11:52:58 Checking for update using Github
2023-10-27 11:52:59 Success.
2023-10-27 11:52:59 Latest version is 1.4.16
2023-10-27 11:52:59 App is up to date.
2023-10-27 12:52:58 Checking for update using Github
2023-10-27 12:52:59 Success.
2023-10-27 12:52:59 Latest version is 1.4.16
2023-10-27 12:52:59 App is up to date.
2023-10-31 09:39:41 Loading main app package /tmp/.mount_Obsidivp8jW0/resources/obsidian.asar
2023-10-31 09:39:42 Checking for update using Github
2023-10-31 09:39:48 Success.
2023-10-31 09:39:48 Latest version is 1.4.16
2023-10-31 09:39:48 App is up to date.
2023-10-31 10:47:45 Loading main app package /tmp/.mount_Obsidi51YvZ4/resources/obsidian.asar
2023-10-31 10:47:46 Checking for update using Github
2023-10-31 10:47:47 Success.
2023-10-31 10:47:47 Latest version is 1.4.16
2023-10-31 10:47:47 App is up to date.
2023-10-31 11:47:45 Checking for update using Github
2023-10-31 11:47:46 Success.
2023-10-31 11:47:46 Latest version is 1.4.16
2023-10-31 11:47:46 App is up to date.
2023-10-31 12:47:45 Checking for update using Github
2023-10-31 12:47:46 Success.
2023-10-31 12:47:46 Latest version is 1.4.16
2023-10-31 12:47:46 App is up to date.
2023-10-31 13:47:45 Checking for update using Github
2023-10-31 13:47:46 Success.
2023-10-31 13:47:46 Latest version is 1.4.16
2023-10-31 13:47:46 App is up to date.
2023-10-31 14:14:46 Loading main app package /tmp/.mount_ObsidixuCMWd/resources/obsidian.asar
2023-10-31 14:14:46 Checking for update using Github
2023-10-31 14:15:49 Loading main app package /tmp/.mount_ObsidiGKtPzs/resources/obsidian.asar
2023-10-31 14:15:49 Checking for update using Github
2023-10-31 14:15:50 Success.
2023-10-31 14:15:50 Latest version is 1.4.16
2023-10-31 14:15:50 App is up to date.
2023-10-31 16:42:00 Loading main app package /tmp/.mount_ObsidiYH1Ma5/resources/obsidian.asar
2023-10-31 16:42:01 Checking for update using Github
2023-10-31 16:42:02 Success.
2023-10-31 16:42:02 Latest version is 1.4.16
2023-10-31 16:42:02 App is up to date.
2023-10-31 17:42:00 Checking for update using Github
2023-10-31 17:42:01 Success.
2023-10-31 17:42:01 Latest version is 1.4.16
2023-10-31 17:42:01 App is up to date.
2023-10-31 18:42:00 Checking for update using Github
2023-10-31 18:42:01 Success.
2023-10-31 18:42:01 Latest version is 1.4.16
2023-10-31 18:42:01 App is up to date.
2023-10-31 19:42:00 Checking for update using Github
2023-10-31 19:42:02 Success.
2023-10-31 19:42:02 Latest version is 1.4.16
2023-10-31 19:42:02 App is up to date.
2023-10-31 20:42:00 Checking for update using Github
2023-10-31 20:42:01 Success.
2023-10-31 20:42:01 Latest version is 1.4.16
2023-10-31 20:42:01 App is up to date.
2023-10-31 21:42:00 Checking for update using Github
2023-10-31 21:42:01 Success.
2023-10-31 21:42:01 Latest version is 1.4.16
2023-10-31 21:42:01 App is up to date.
2023-11-01 10:03:42 Loading main app package /tmp/.mount_ObsidiAng5DN/resources/obsidian.asar
2023-11-01 10:03:42 Checking for update using Github
2023-11-01 10:03:43 Success.
2023-11-01 10:03:43 Latest version is 1.4.16
2023-11-01 10:03:43 App is up to date.
2023-11-01 11:03:42 Checking for update using Github
2023-11-01 11:03:43 Success.
2023-11-01 11:03:43 Latest version is 1.4.16
2023-11-01 11:03:43 App is up to date.
2023-11-01 12:03:42 Checking for update using Github
2023-11-01 12:03:43 Success.
2023-11-01 12:03:43 Latest version is 1.4.16
2023-11-01 12:03:43 App is up to date.
2023-11-01 12:28:06 Loading main app package /tmp/.mount_ObsidiRbmFY9/resources/obsidian.asar
2023-11-01 12:28:06 Checking for update using Github
2023-11-01 12:28:07 Success.
2023-11-01 12:28:07 Latest version is 1.4.16
2023-11-01 12:28:07 App is up to date.
2023-11-01 12:31:44 Loading main app package /tmp/.mount_Obsidivvj3Gf/resources/obsidian.asar
2023-11-01 12:31:44 Checking for update using Github
2023-11-01 12:31:44 Success.
2023-11-01 12:31:44 Latest version is 1.4.16
2023-11-01 12:31:44 App is up to date.
2023-11-01 14:45:18 Loading main app package /tmp/.mount_ObsidiHkglqx/resources/obsidian.asar
2023-11-01 14:45:18 Checking for update using Github
2023-11-01 14:45:19 Success.
2023-11-01 14:45:19 Latest version is 1.4.16
2023-11-01 14:45:19 App is up to date.
2023-11-01 15:45:18 Checking for update using Github
2023-11-01 15:45:19 Success.
2023-11-01 15:45:19 Latest version is 1.4.16
2023-11-01 15:45:19 App is up to date.
2023-11-02 13:49:23 Loading main app package /tmp/.mount_ObsidixT9uAS/resources/obsidian.asar
2023-11-02 13:49:24 Checking for update using Github
2023-11-02 13:49:25 Success.
2023-11-02 13:49:25 Latest version is 1.4.16
2023-11-02 13:49:25 App is up to date.
2023-11-02 14:49:24 Checking for update using Github
2023-11-02 14:49:25 Success.
2023-11-02 14:49:25 Latest version is 1.4.16
2023-11-02 14:49:25 App is up to date.
2023-11-02 15:49:24 Checking for update using Github
2023-11-02 15:49:25 Success.
2023-11-02 15:49:25 Latest version is 1.4.16
2023-11-02 15:49:25 App is up to date.
2023-11-02 16:49:24 Checking for update using Github
2023-11-02 16:49:25 Success.
2023-11-02 16:49:25 Latest version is 1.4.16
2023-11-02 16:49:25 App is up to date.
2023-11-02 17:49:24 Checking for update using Github
2023-11-02 17:49:25 Success.
2023-11-02 17:49:25 Latest version is 1.4.16
2023-11-02 17:49:25 App is up to date.
2023-11-02 18:49:24 Checking for update using Github
2023-11-02 18:49:25 Success.
2023-11-02 18:49:25 Latest version is 1.4.16
2023-11-02 18:49:25 App is up to date.
2023-11-02 19:49:24 Checking for update using Github
2023-11-02 19:49:25 Success.
2023-11-02 19:49:25 Latest version is 1.4.16
2023-11-02 19:49:25 App is up to date.
2023-11-02 20:49:24 Checking for update using Github
2023-11-02 20:49:25 Success.
2023-11-02 20:49:25 Latest version is 1.4.16
2023-11-02 20:49:25 App is up to date.
2023-11-02 21:49:24 Checking for update using Github
2023-11-02 21:49:25 Success.
2023-11-02 21:49:25 Latest version is 1.4.16
2023-11-02 21:49:25 App is up to date.
2023-11-02 22:49:24 Checking for update using Github
2023-11-02 22:49:26 Success.
2023-11-02 22:49:26 Latest version is 1.4.16
2023-11-02 22:49:26 App is up to date.
2023-11-02 23:49:24 Checking for update using Github
2023-11-02 23:49:25 Success.
2023-11-02 23:49:25 Latest version is 1.4.16
2023-11-02 23:49:25 App is up to date.
2023-11-03 09:22:04 Loading main app package /tmp/.mount_ObsidiJ7hDHo/resources/obsidian.asar
2023-11-03 09:22:05 Checking for update using Github
2023-11-03 09:22:06 Success.
2023-11-03 09:22:06 Latest version is 1.4.16
2023-11-03 09:22:06 App is up to date.
2023-11-03 10:22:04 Checking for update using Github
2023-11-03 10:22:05 Success.
2023-11-03 10:22:05 Latest version is 1.4.16
2023-11-03 10:22:05 App is up to date.
2023-11-03 11:22:04 Checking for update using Github
2023-11-03 11:22:05 Success.
2023-11-03 11:22:05 Latest version is 1.4.16
2023-11-03 11:22:05 App is up to date.
2023-11-03 12:22:04 Checking for update using Github
2023-11-03 12:22:05 Success.
2023-11-03 12:22:05 Latest version is 1.4.16
2023-11-03 12:22:05 App is up to date.
2023-11-03 13:22:04 Checking for update using Github
2023-11-03 13:22:05 Success.
2023-11-03 13:22:05 Latest version is 1.4.16
2023-11-03 13:22:05 App is up to date.
2023-11-03 14:22:04 Checking for update using Github
2023-11-03 14:22:06 Success.
2023-11-03 14:22:06 Latest version is 1.4.16
2023-11-03 14:22:06 App is up to date.
2023-11-03 15:22:04 Checking for update using Github
2023-11-03 15:22:06 Success.
2023-11-03 15:22:06 Latest version is 1.4.16
2023-11-03 15:22:06 App is up to date.
2023-11-03 17:03:12 Checking for update using Github
2023-11-03 17:03:14 Success.
2023-11-03 17:03:14 Latest version is 1.4.16
2023-11-03 17:03:14 App is up to date.
2023-11-03 18:03:12 Checking for update using Github
2023-11-03 18:03:13 Success.
2023-11-03 18:03:13 Latest version is 1.4.16
2023-11-03 18:03:13 App is up to date.
2023-11-03 19:03:12 Checking for update using Github
2023-11-03 19:03:13 Success.
2023-11-03 19:03:13 Latest version is 1.4.16
2023-11-03 19:03:13 App is up to date.
2023-11-03 20:03:12 Checking for update using Github
2023-11-03 20:03:13 Success.
2023-11-03 20:03:13 Latest version is 1.4.16
2023-11-03 20:03:13 App is up to date.
2023-11-03 21:03:12 Checking for update using Github
2023-11-03 21:03:13 Success.
2023-11-03 21:03:13 Latest version is 1.4.16
2023-11-03 21:03:13 App is up to date.
2023-11-03 22:03:12 Checking for update using Github
2023-11-03 22:03:13 Success.
2023-11-03 22:03:13 Latest version is 1.4.16
2023-11-03 22:03:13 App is up to date.
